2023.03.11 14:12:33 INFO  Started: Metals version 0.11.11 in workspace '/home/brad/zio-neo4j' for client Visual Studio Code 1.76.1.
SLF4J: No SLF4J providers were found.
SLF4J: Defaulting to no-operation (NOP) logger implementation
SLF4J: See https://www.slf4j.org/codes.html#noProviders for further details.
SLF4J: Class path contains SLF4J bindings targeting slf4j-api versions 1.7.x or earlier.
SLF4J: Ignoring binding found at [jar:file:/home/brad/.cache/coursier/v1/https/repo1.maven.org/maven2/com/outr/scribe-slf4j_2.13/3.11.0/scribe-slf4j_2.13-3.11.0.jar!/org/slf4j/impl/StaticLoggerBinder.class]
SLF4J: See https://www.slf4j.org/codes.html#ignoredBindings for an explanation.
2023.03.11 14:12:34 INFO  time: initialize in 0.93s
2023.03.11 14:12:39 WARN  Build server is not auto-connectable.
2023.03.11 14:12:39 WARN  no build target for: /home/brad/zio-neo4j/build.sbt
2023.03.11 14:12:45 INFO  no build target found for /home/brad/zio-neo4j/build.sbt. Using presentation compiler with project's scala-library version: 3.2.2
2023.03.11 14:12:49 INFO  time: code lens generation in 10s
2023.03.11 14:12:49 INFO  time: code lens generation in 10s
2023.03.11 14:12:50 WARN  no build target for: /home/brad/zio-neo4j/src/main/scala/example/Hello.scala
2023.03.11 14:13:23 WARN  no build target for: /home/brad/zio-neo4j/src/main/scala/example/Hello.scala
2023.03.11 14:15:16 WARN  no build target for: /home/brad/zio-neo4j/src/main/scala/example/Neo4jConnection.scala
2023.03.11 14:15:28 WARN  no build target for: /home/brad/zio-neo4j/src/main/scala/example/Neo4jConnection.scala
2023.03.11 14:16:10 WARN  no build target for: /home/brad/zio-neo4j/build.sbt
2023.03.11 14:16:32 WARN  no build target for: /home/brad/zio-neo4j/src/main/scala/example/Neo4jConnection.scala
2023.03.11 14:16:44 WARN  no build target for: /home/brad/zio-neo4j/src/main/scala/example/Neo4jConnection.scala
2023.03.11 14:18:02 WARN  no build target for: /home/brad/zio-neo4j/src/main/scala/example/Neo4jRequestService.scala
2023.03.11 14:18:08 WARN  no build target for: /home/brad/zio-neo4j/src/main/scala/example/Neo4jRequestService.scala
2023.03.11 14:18:23 WARN  no build target for: /home/brad/zio-neo4j/src/main/scala/example/Neo4jRequestService.scala
2023.03.11 14:18:48 WARN  no build target for: /home/brad/zio-neo4j/src/main/scala/example/Neo4jRequestService.scala
2023.03.11 14:19:03 WARN  no build target for: /home/brad/zio-neo4j/src/main/scala/example/Neo4jRequestService.scala
2023.03.11 14:20:11 WARN  no build target for: /home/brad/zio-neo4j/src/main/scala/example/Neo4jRequestService.scala
2023.03.11 14:20:51 WARN  no build target for: /home/brad/zio-neo4j/src/main/scala/example/Neo4jRequestService.scala
2023.03.11 14:21:03 WARN  no build target for: /home/brad/zio-neo4j/src/main/scala/example/Neo4jRequestService.scala
2023.03.11 14:21:23 WARN  no build target for: /home/brad/zio-neo4j/src/main/scala/jobgun/Hello.scala
2023.03.11 14:21:23 WARN  no build target for: /home/brad/zio-neo4j/src/main/scala/jobgun/Neo4jRequestService.scala
2023.03.11 14:21:23 WARN  no build target for: /home/brad/zio-neo4j/src/main/scala/jobgun/Neo4jConnection.scala
2023.03.11 14:21:37 WARN  no build target for: /home/brad/zio-neo4j/src/main/scala/jobgun/zio/neo4j/Hello.scala
2023.03.11 14:21:40 WARN  no build target for: /home/brad/zio-neo4j/src/main/scala/jobgun/zio/neo4j/Neo4jConnection.scala
2023.03.11 14:21:44 WARN  no build target for: /home/brad/zio-neo4j/src/main/scala/jobgun/zio/neo4j/Neo4jRequestService.scala
2023.03.11 14:22:04 WARN  no build target for: /home/brad/zio-neo4j/src/main/scala/jobgun/zio/neo4j/ResultSummaryExtensions.scala
2023.03.11 14:22:08 WARN  no build target for: /home/brad/zio-neo4j/src/main/scala/jobgun/zio/neo4j/ResultSummaryExtensions.scala
2023.03.11 14:23:23 WARN  no build target for: /home/brad/zio-neo4j/build.sbt
2023.03.11 14:23:25 WARN  no build target for: /home/brad/zio-neo4j/build.sbt
2023.03.11 14:23:30 INFO  skipping build import with status 'Dismissed'
2023.03.11 14:25:27 WARN  no build target for: /home/brad/zio-neo4j/src/main/scala/jobgun/zio/neo4j/ResultSummaryExtensions.scala
2023.03.11 14:25:51 WARN  no build target for: /home/brad/zio-neo4j/build.sbt
2023.03.11 14:26:44 WARN  no build target for: /home/brad/zio-neo4j/src/main/scala/jobgun/zio/neo4j/ResultSummaryExtensions.scala
Mar 11, 2023 2:28:23 PM org.eclipse.lsp4j.jsonrpc.RemoteEndpoint handleCancellation
WARNING: Unmatched cancel notification for request id 1171
2023.03.11 14:28:33 WARN  no build target for: /home/brad/zio-neo4j/build.sbt
2023.03.11 14:28:42 WARN  no build target for: /home/brad/zio-neo4j/src/main/scala/jobgun/zio/neo4j/ResultSummaryExtensions.scala
2023.03.11 14:28:55 WARN  no build target for: /home/brad/zio-neo4j/src/main/scala/jobgun/zio/neo4j/ResultSummaryExtensions.scala
2023.03.11 14:28:58 WARN  no build target for: /home/brad/zio-neo4j/src/main/scala/jobgun/zio/neo4j/ResultSummaryExtensions.scala
2023.03.11 14:29:19 WARN  no build target for: /home/brad/zio-neo4j/src/main/scala/jobgun/zio/neo4j/ResultSummaryExtensions.scala
2023.03.11 14:29:33 WARN  no build target for: /home/brad/zio-neo4j/build.sbt
2023.03.11 14:29:42 WARN  no build target for: /home/brad/zio-neo4j/src/main/scala/jobgun/zio/neo4j/ResultSummaryExtensions.scala
2023.03.11 14:29:44 WARN  no build target for: /home/brad/zio-neo4j/src/main/scala/jobgun/zio/neo4j/ResultSummaryExtensions.scala
2023.03.11 14:30:03 WARN  no build target for: /home/brad/zio-neo4j/src/main/scala/jobgun/zio/neo4j/ResultSummaryExtensions.scala
2023.03.11 14:30:04 WARN  no build target for: /home/brad/zio-neo4j/src/main/scala/jobgun/zio/neo4j/ResultSummaryExtensions.scala
2023.03.11 14:31:34 WARN  no build target for: /home/brad/zio-neo4j/src/main/scala/jobgun/zio/neo4j/ResultSummaryExtensions.scala
2023.03.11 14:32:25 WARN  no build target for: /home/brad/zio-neo4j/src/main/scala/jobgun/zio/neo4j/ResultSummaryExtensions.scala
2023.03.11 14:32:39 WARN  no build target for: /home/brad/zio-neo4j/src/main/scala/jobgun/zio/neo4j/ResultSummaryExtensions.scala
2023.03.11 14:32:57 WARN  no build target for: /home/brad/zio-neo4j/src/main/scala/jobgun/zio/neo4j/ResultSummaryExtensions.scala
Mar 11, 2023 2:33:11 PM org.eclipse.lsp4j.jsonrpc.RemoteEndpoint handleCancellation
WARNING: Unmatched cancel notification for request id 1828
2023.03.11 14:33:18 WARN  no build target for: /home/brad/zio-neo4j/src/main/scala/jobgun/zio/neo4j/ResultSummaryExtensions.scala
2023.03.11 14:33:22 WARN  no build target for: /home/brad/zio-neo4j/src/main/scala/jobgun/zio/neo4j/ResultSummaryExtensions.scala
2023.03.11 14:33:26 WARN  no build target for: /home/brad/zio-neo4j/src/main/scala/jobgun/zio/neo4j/ResultSummaryExtensions.scala
2023.03.11 14:33:28 WARN  no build target for: /home/brad/zio-neo4j/src/main/scala/jobgun/zio/neo4j/ResultSummaryExtensions.scala
2023.03.11 14:33:41 WARN  no build target for: /home/brad/zio-neo4j/src/main/scala/jobgun/zio/neo4j/ResultSummaryExtensions.scala
2023.03.11 14:35:20 WARN  no build target for: /home/brad/zio-neo4j/src/main/scala/jobgun/zio/neo4j/Neo4jConnection.scala
2023.03.11 14:35:26 WARN  no build target for: /home/brad/zio-neo4j/src/main/scala/jobgun/zio/neo4j/Neo4jConnection.scala
2023.03.11 14:35:32 ERROR scalafmt: /home/brad/zio-neo4j/src/main/scala/jobgun/zio/neo4j/Neo4jConnection.scala:30: error: ; expected but : found
) extends AutoCloseable:
                       ^
2023.03.11 14:35:33 WARN  no build target for: /home/brad/zio-neo4j/src/main/scala/jobgun/zio/neo4j/Neo4jConnection.scala
2023.03.11 14:36:18 WARN  no build target for: /home/brad/zio-neo4j/src/main/scala/jobgun/zio/neo4j/ResultSummaryExtensions.scala
2023.03.11 14:37:45 WARN  no build target for: /home/brad/zio-neo4j/src/main/scala/jobgun/zio/neo4j/ResultSummaryExtensions.scala
2023.03.11 14:38:04 WARN  no build target for: /home/brad/zio-neo4j/src/main/scala/jobgun/zio/neo4j/ResultSummaryExtensions.scala
2023.03.11 14:38:12 ERROR scalafmt: /home/brad/zio-neo4j/src/main/scala/jobgun/zio/neo4j/ResultSummaryExtensions.scala:15: error: expected class or object definition
extension (result: ResultSummary)
^
2023.03.11 14:38:18 ERROR scalafmt: /home/brad/zio-neo4j/src/main/scala/jobgun/zio/neo4j/ResultSummaryExtensions.scala:15: error: expected class or object definition
extension (result: ResultSummary)
^
2023.03.11 14:38:40 WARN  no build target for: /home/brad/zio-neo4j/src/main/scala/jobgun/zio/neo4j/ResultSummaryExtensions.scala
2023.03.11 14:38:53 WARN  no build target for: /home/brad/zio-neo4j/src/main/scala/jobgun/zio/neo4j/ResultSummaryExtensions.scala
2023.03.11 14:39:20 WARN  no build target for: /home/brad/zio-neo4j/src/main/scala/jobgun/zio/neo4j/Neo4jRequestService.scala
2023.03.11 14:39:23 WARN  no build target for: /home/brad/zio-neo4j/src/main/scala/jobgun/zio/neo4j/Neo4jRequestService.scala
2023.03.11 14:39:49 WARN  no build target for: /home/brad/zio-neo4j/src/main/scala/jobgun/zio/neo4j/Neo4jRequestService.scala
2023.03.11 17:57:18 WARN  no build target for: /home/brad/zio-neo4j/src/main/scala/jobgun/zio/neo4j/Neo4j.scala
2023.03.11 17:57:43 WARN  no build target for: /home/brad/zio-neo4j/src/main/scala/jobgun/zio/neo4j/Neo4j.scala
Mar 11, 2023 5:58:50 PM org.eclipse.lsp4j.jsonrpc.RemoteEndpoint handleCancellation
WARNING: Unmatched cancel notification for request id 3072
2023.03.11 18:00:21 WARN  Using indexes to guess the definition of Neo4jConnection
2023.03.11 18:00:22 WARN  no build target for: /home/brad/zio-neo4j/src/main/scala/jobgun/zio/neo4j/Neo4j.scala
2023.03.11 18:00:25 WARN  no build target for: /home/brad/zio-neo4j/src/main/scala/jobgun/zio/neo4j/Neo4j.scala
2023.03.11 18:00:42 WARN  no build target for: /home/brad/zio-neo4j/src/main/scala/jobgun/zio/neo4j/Neo4j.scala
2023.03.11 18:01:12 WARN  no build target for: /home/brad/zio-neo4j/src/main/scala/jobgun/zio/neo4j/Neo4j.scala
2023.03.11 18:01:48 WARN  no build target for: /home/brad/zio-neo4j/src/main/scala/jobgun/zio/neo4j/Neo4j.scala
2023.03.11 18:02:58 WARN  no build target for: /home/brad/zio-neo4j/src/main/scala/jobgun/zio/neo4j/Neo4jRequestService.scala
2023.03.11 18:03:00 WARN  no build target for: /home/brad/zio-neo4j/src/main/scala/jobgun/zio/neo4j/Neo4jRequestService.scala
2023.03.11 18:04:52 WARN  no build target for: /home/brad/zio-neo4j/src/main/scala/jobgun/zio/neo4j/Neo4jConnection.scala
2023.03.11 18:05:17 WARN  no build target for: /home/brad/zio-neo4j/src/main/scala/jobgun/zio/neo4j/Neo4jConnection.scala
2023.03.11 18:07:34 WARN  no build target for: /home/brad/zio-neo4j/src/main/scala/jobgun/zio/neo4j/Neo4jConnection.scala
2023.03.11 18:07:38 WARN  no build target for: /home/brad/zio-neo4j/src/main/scala/jobgun/zio/neo4j/Neo4jConnection.scala
2023.03.11 18:07:51 WARN  Using indexes to guess the definition of driver
2023.03.11 18:07:59 WARN  no build target for: /home/brad/zio-neo4j/src/main/scala/jobgun/zio/neo4j/Neo4jConnection.scala
2023.03.11 18:20:42 WARN  no build target for: /home/brad/zio-neo4j/src/main/scala/jobgun/zio/neo4j/Neo4jConnection.scala
2023.03.11 18:20:58 WARN  no build target for: /home/brad/zio-neo4j/src/main/scala/jobgun/zio/neo4j/Neo4jRequestService.scala
2023.03.11 18:21:06 WARN  no build target for: /home/brad/zio-neo4j/src/main/scala/jobgun/zio/neo4j/ResultSummaryExtensions.scala
2023.03.11 18:21:12 WARN  no build target for: /home/brad/zio-neo4j/src/main/scala/jobgun/zio/neo4j/ResultSummaryExtensions.scala
Mar 11, 2023 6:39:11 PM org.eclipse.lsp4j.jsonrpc.RemoteEndpoint handleCancellation
WARNING: Unmatched cancel notification for request id 4387
2023.03.11 18:39:25 WARN  no build target for: /home/brad/zio-neo4j/build.sbt
2023.03.11 19:02:05 WARN  no build target for: /home/brad/zio-neo4j/project/plugins.sbt
2023.03.11 19:02:09 WARN  no build target for: /home/brad/zio-neo4j/project/plugins.sbt
2023.03.11 19:03:15 WARN  no build target for: /home/brad/zio-neo4j/build.sbt
2023.03.11 19:03:15 INFO  skipping build import with status 'Dismissed'
2023.03.11 19:06:51 WARN  no build target for: /home/brad/zio-neo4j/build.sbt
2023.03.11 19:08:03 WARN  no build target for: /home/brad/zio-neo4j/build.sbt
2023.03.11 19:08:03 INFO  skipping build import with status 'Dismissed'
2023.03.11 19:08:28 WARN  no build target for: /home/brad/zio-neo4j/build.sbt
2023.03.11 19:08:28 INFO  skipping build import with status 'Dismissed'
2023.03.11 19:08:38 WARN  no build target for: /home/brad/zio-neo4j/build.sbt
2023.03.11 19:08:38 INFO  skipping build import with status 'Dismissed'
2023.03.11 19:10:00 WARN  no build target for: /home/brad/zio-neo4j/build.sbt
2023.03.11 19:10:08 WARN  no build target for: /home/brad/zio-neo4j/build.sbt
2023.03.11 19:10:08 INFO  skipping build import with status 'Dismissed'
2023.03.11 19:13:13 WARN  no build target for: /home/brad/zio-neo4j/build.sbt
